<?xml version="1.0" encoding="UTF-8"?>
<!-- Generated by org.testng.reporters.JUnitReportReporter -->
<testsuite skipped="0" hostname="BRIDT-1324" name="com.tests.TestPost" tests="1" failures="0" timestamp="11 Aug 2017 10:38:57 GMT" time="0.703" errors="0">
  <testcase name="testPostServices" time="0.703" classname="com.tests.TestPost"/>
</testsuite> <!-- com.tests.TestPost -->
