<?xml version="1.0" encoding="UTF-8"?>
<!-- Generated by org.testng.reporters.JUnitReportReporter -->
<testsuite skipped="0" hostname="BRIDT-1324" name="com.tests.TestDelete" tests="1" failures="0" timestamp="11 Aug 2017 10:38:57 GMT" time="0.259" errors="0">
  <testcase name="testDeleteServices" time="0.259" classname="com.tests.TestDelete"/>
</testsuite> <!-- com.tests.TestDelete -->
