<?xml version="1.0" encoding="UTF-8"?>
<!-- Generated by org.testng.reporters.JUnitReportReporter -->
<testsuite skipped="0" hostname="BRIDT-1324" name="com.tests.TestPatch" tests="1" failures="0" timestamp="11 Aug 2017 10:38:57 GMT" time="0.675" errors="0">
  <testcase name="testPatchServices" time="0.675" classname="com.tests.TestPatch"/>
</testsuite> <!-- com.tests.TestPatch -->
